{
  "0 debug pnpm:scope": {
    "selected": 1
  },
  "1 error pnpm": {
    "errno": 1,
    "code": "ELIFECYCLE",
    "pkgid": "vuepress@1.0.0",
    "stage": "deploy",
    "script": "./ deploy.sh",
    "pkgname": "vuepress",
    "err": {
      "name": "pnpm",
      "message": "vuepress@1.0.0 deploy: `./ deploy.sh`\nExit status 1",
      "code": "ELIFECYCLE",
      "stack": "pnpm: vuepress@1.0.0 deploy: `./ deploy.sh`\nExit status 1\n    at EventEmitter.<anonymous> (C:\\Users\\Administrator\\AppData\\Roaming\\npm\\pnpm-global\\5\\node_modules\\.pnpm\\pnpm@6.24.2\\node_modules\\pnpm\\dist\\pnpm.cjs:103853:20)\n    at EventEmitter.emit (node:events:390:28)\n    at ChildProcess.<anonymous> (C:\\Users\\Administrator\\AppData\\Roaming\\npm\\pnpm-global\\5\\node_modules\\.pnpm\\pnpm@6.24.2\\node_modules\\pnpm\\dist\\pnpm.cjs:91782:18)\n    at ChildProcess.emit (node:events:390:28)\n    at maybeClose (node:internal/child_process:1064:16)\n    at Process.ChildProcess._handle.onexit (node:internal/child_process:301:5)"
    }
  },
  "2 warn pnpm:global": " Local package.json exists, but node_modules missing, did you mean to install?"
}